  glew32.lib,
c1xx : fatal  error C1083: 소스 파일을 열 수 없습니다. 'glew32.lib,': No such file or directory
  freeglut.lib
c1xx : fatal  error C1083: 소스 파일을 열 수 없습니다. 'freeglut.lib': No such file or directory
  main.cpp
C:\Users\wntjr\Desktop\NGP_TermProject\NGP_TermProject\NGP_TermProject\Server\main.cpp(1,1): warning C4828: 파일에 0x19ff 오프셋에서 시작하는 문자가 포함되어 있습니다. 이 문자는 현재 원본 문자 집합에서 잘못된 문자입니다(코드 페이지 949).
C:\Users\wntjr\Desktop\NGP_TermProject\NGP_TermProject\NGP_TermProject\Server\GameUtilities.h(25,20): warning C4305: '초기화 중': 'double'에서 'float'(으)로 잘립니다.
C:\Users\wntjr\Desktop\NGP_TermProject\NGP_TermProject\NGP_TermProject\Server\main.cpp(200,22): warning C4305: '+=': 'double'에서 'float'(으)로 잘립니다.
C:\Users\wntjr\Desktop\NGP_TermProject\NGP_TermProject\NGP_TermProject\Server\main.cpp(208,22): warning C4305: '-=': 'double'에서 'float'(으)로 잘립니다.
C:\Users\wntjr\Desktop\NGP_TermProject\NGP_TermProject\NGP_TermProject\Server\main.cpp(215,18): warning C4305: '=': 'double'에서 'float'(으)로 잘립니다.
C:\Users\wntjr\Desktop\NGP_TermProject\NGP_TermProject\NGP_TermProject\Server\main.cpp(217,53): warning C4311: '형식 캐스트': 'LPVOID'에서 'DWORD'(으)로 포인터가 잘립니다.
C:\Users\wntjr\Desktop\NGP_TermProject\NGP_TermProject\NGP_TermProject\Server\main.cpp(217,53): warning C4302: '형식 캐스트': 'LPVOID'에서 'DWORD'(으)로 잘립니다.
C:\Users\wntjr\Desktop\NGP_TermProject\NGP_TermProject\NGP_TermProject\Server\main.cpp(224,23): warning C4305: '-=': 'double'에서 'float'(으)로 잘립니다.
C:\Users\wntjr\Desktop\NGP_TermProject\NGP_TermProject\NGP_TermProject\Server\main.cpp(232,23): warning C4305: '+=': 'double'에서 'float'(으)로 잘립니다.
C:\Users\wntjr\Desktop\NGP_TermProject\NGP_TermProject\NGP_TermProject\Server\main.cpp(239,18): warning C4305: '=': 'double'에서 'float'(으)로 잘립니다.
C:\Users\wntjr\Desktop\NGP_TermProject\NGP_TermProject\NGP_TermProject\Server\main.cpp(241,53): warning C4311: '형식 캐스트': 'LPVOID'에서 'DWORD'(으)로 포인터가 잘립니다.
C:\Users\wntjr\Desktop\NGP_TermProject\NGP_TermProject\NGP_TermProject\Server\main.cpp(241,53): warning C4302: '형식 캐스트': 'LPVOID'에서 'DWORD'(으)로 잘립니다.
C:\Users\wntjr\Desktop\NGP_TermProject\NGP_TermProject\NGP_TermProject\Server\main.cpp(252,50): warning C4305: '+=': 'double'에서 'float'(으)로 잘립니다.
  코드를 생성하고 있습니다...
C:\Users\wntjr\Desktop\NGP_TermProject\NGP_TermProject\NGP_TermProject\Server\main.cpp(189): error C4716: 'isDead': 값을 반환해야 합니다.
C:\Users\wntjr\Desktop\NGP_TermProject\NGP_TermProject\NGP_TermProject\Server\main.cpp(160): error C4700: 초기화되지 않은 'type' 지역 변수를 사용했습니다.
